<?xml version="1.0" encoding="UTF-8" ?>
<testsuite tests="4" failures="0" name="cucumber_calculator.RunCucumberTest" time="0.31" errors="0" skipped="0">
  <properties>
    <property name="java.runtime.name" value="Java(TM) SE Runtime Environment"/>
    <property name="sun.boot.library.path" value="C:\PROGRA~2\Java\JDK18~1.0_1\jre\bin"/>
    <property name="java.vm.version" value="25.181-b13"/>
    <property name="java.vm.vendor" value="Oracle Corporation"/>
    <property name="maven.multiModuleProjectDirectory" value="H:/cosc2101/demo_code/lecture10/cucumber_calculator"/>
    <property name="java.vendor.url" value="http://java.oracle.com/"/>
    <property name="path.separator" value=";"/>
    <property name="guice.disable.misplaced.annotation.check" value="true"/>
    <property name="java.vm.name" value="Java HotSpot(TM) Client VM"/>
    <property name="file.encoding.pkg" value="sun.io"/>
    <property name="user.script" value=""/>
    <property name="user.country" value="US"/>
    <property name="sun.java.launcher" value="SUN_STANDARD"/>
    <property name="sun.os.patch.level" value=""/>
    <property name="java.vm.specification.name" value="Java Virtual Machine Specification"/>
    <property name="user.dir" value="H:\cosc2101\demo_code\lecture10\cucumber_calculator"/>
    <property name="java.runtime.version" value="1.8.0_181-b13"/>
    <property name="java.awt.graphicsenv" value="sun.awt.Win32GraphicsEnvironment"/>
    <property name="java.endorsed.dirs" value="C:\PROGRA~2\Java\JDK18~1.0_1\jre\lib\endorsed"/>
    <property name="os.arch" value="x86"/>
    <property name="java.io.tmpdir" value="C:\Users\v12839\AppData\Local\Temp\"/>
    <property name="line.separator" value="
"/>
    <property name="java.vm.specification.vendor" value="Oracle Corporation"/>
    <property name="user.variant" value=""/>
    <property name="os.name" value="Windows 10"/>
    <property name="classworlds.conf" value="C:/Users/v12839/Downloads/apache-maven-3.6.3/bin/m2.conf"/>
    <property name="sun.jnu.encoding" value="Cp1252"/>
    <property name="java.library.path" value="C:\PROGRA~2\Java\JDK18~1.0_1\bin;C:\Windows\Sun\Java\bin;C:\Windows\system32;C:\Windows;H:\bin;C:\Program Files\Git\mingw64\bin;C:\Program Files\Git\usr\local\bin;C:\Program Files\Git\usr\bin;C:\Program Files\Git\usr\bin;C:\Program Files\Git\mingw64\bin;C:\Program Files\Git\usr\bin;H:\bin;C:\Program Files (x86)\NVIDIA Corporation\PhysX\Common;C:\Program Files\Microsoft MPI\Bin;C:\SST\MinGW\bin;C:\Program Files (x86)\WinAVR-20100110\bin;C:\Program Files (x86)\WinAVR-20100110\utils\bin;C:\Program Files\PuTTY;C:\Program Files (x86)\Windows Kits\8.1\Windows Performance Toolkit;C:\Program Files (x86)\Metasploit\metasploit-framework\bin;C:\Program Files (x86)\CMake 2.8\bin;C:\Program Files\dotnet;C:\Program Files\Microsoft SQL Server\130\Tools\Binn;C:\Program Files\MATLAB\R2018b\runtime\win64;C:\Program Files\MATLAB\R2018b\bin;C:\Program Files\ZeroC\Ice-3.7.2\bin;C:\PROGRA~2\Java\JDK18~1.0_1\bin;C:\Program Files (x86)\gnuplot\bin;C:\Program Files\Git\cmd;C:\Windows\System32;C:\Program Files\nodejs;C:\Program Files\Amazon\AWSCLIV2;C:\Users\v12839\AppData\Local\Microsoft\WindowsApps;C:\Program Files\ZeroC\Ice-3.7.2\bin;C:\temp\hadoop-2.7.3\bin;C:\PROGRA~2\Java\JDK18~1.0_1\bin;C:\Users\v12839\Downloads\apache-maven-3.6.3\bin;C:\Users\v12839\AppData\Roaming\npm;C:\Program Files\Git\usr\bin\vendor_perl;C:\Program Files\Git\usr\bin\core_perl;."/>
    <property name="maven.conf" value="C:/Users/v12839/Downloads/apache-maven-3.6.3/conf"/>
    <property name="java.specification.name" value="Java Platform API Specification"/>
    <property name="java.class.version" value="52.0"/>
    <property name="sun.management.compiler" value="HotSpot Client Compiler"/>
    <property name="os.version" value="10.0"/>
    <property name="library.jansi.path" value="C:/Users/v12839/Downloads/apache-maven-3.6.3/lib/jansi-native"/>
    <property name="user.home" value="C:\Users\v12839"/>
    <property name="user.timezone" value="GMT+07:00"/>
    <property name="java.awt.printerjob" value="sun.awt.windows.WPrinterJob"/>
    <property name="java.specification.version" value="1.8"/>
    <property name="file.encoding" value="Cp1252"/>
    <property name="user.name" value="v12839"/>
    <property name="java.class.path" value="C:/Users/v12839/Downloads/apache-maven-3.6.3/boot/plexus-classworlds-2.6.0.jar"/>
    <property name="java.vm.specification.version" value="1.8"/>
    <property name="sun.arch.data.model" value="32"/>
    <property name="java.home" value="C:\PROGRA~2\Java\JDK18~1.0_1\jre"/>
    <property name="sun.java.command" value="org.codehaus.plexus.classworlds.launcher.Launcher test"/>
    <property name="java.specification.vendor" value="Oracle Corporation"/>
    <property name="user.language" value="en"/>
    <property name="awt.toolkit" value="sun.awt.windows.WToolkit"/>
    <property name="java.vm.info" value="mixed mode"/>
    <property name="java.version" value="1.8.0_181"/>
    <property name="java.ext.dirs" value="C:\PROGRA~2\Java\JDK18~1.0_1\jre\lib\ext;C:\Windows\Sun\Java\lib\ext"/>
    <property name="sun.boot.class.path" value="C:\PROGRA~2\Java\JDK18~1.0_1\jre\lib\resources.jar;C:\PROGRA~2\Java\JDK18~1.0_1\jre\lib\rt.jar;C:\PROGRA~2\Java\JDK18~1.0_1\jre\lib\sunrsasign.jar;C:\PROGRA~2\Java\JDK18~1.0_1\jre\lib\jsse.jar;C:\PROGRA~2\Java\JDK18~1.0_1\jre\lib\jce.jar;C:\PROGRA~2\Java\JDK18~1.0_1\jre\lib\charsets.jar;C:\PROGRA~2\Java\JDK18~1.0_1\jre\lib\jfr.jar;C:\PROGRA~2\Java\JDK18~1.0_1\jre\classes"/>
    <property name="sun.stderr.encoding" value="cp437"/>
    <property name="java.vendor" value="Oracle Corporation"/>
    <property name="maven.home" value="C:\Users\v12839\Downloads\apache-maven-3.6.3"/>
    <property name="file.separator" value="\"/>
    <property name="java.vendor.url.bug" value="http://bugreport.sun.com/bugreport/"/>
    <property name="sun.cpu.endian" value="little"/>
    <property name="sun.io.unicode.encoding" value="UnicodeLittle"/>
    <property name="sun.stdout.encoding" value="cp437"/>
    <property name="sun.desktop" value="windows"/>
    <property name="sun.cpu.isalist" value="pentium_pro+mmx pentium_pro pentium+mmx pentium i486 i386 i86"/>
  </properties>
  <testcase classname="Plus operator should add 2 numbers" name="0 add 2 is 2" time="0.292"/>
  <testcase classname="Plus operator should add 2 numbers" name="2 add 0 is 2" time="0.006"/>
  <testcase classname="Plus operator should add 2 numbers" name="2 add 2 is 4" time="0.007"/>
  <testcase classname="Plus operator should add 2 numbers" name="10 add 2 is 12" time="0.005"/>
</testsuite>